<?xml version="1.0" encoding="UTF-8"?>
<!-- Generated by org.testng.reporters.JUnitXMLReporter -->
<testsuite hostname="HDC3-D-F64MGP2" ignored="0" name="Regression" tests="1" failures="1" timestamp="03 Sep 2018 12:36:24 GMT" time="0.041" errors="0">
  <testcase name="NatWestPersonal" time="0.018" classname="python_scripts.GlobalSuite_Final">
    <failure type="java.lang.NoClassDefFoundError" message="com/google/common/collect/ImmutableMap">
      <![CDATA[java.lang.NoClassDefFoundError: com/google/common/collect/ImmutableMap
at org.openqa.selenium.remote.service.DriverService$Builder.<init>(DriverService.java:253)
at org.openqa.selenium.chrome.ChromeDriverService$Builder.<init>(ChromeDriverService.java:94)
at org.openqa.selenium.chrome.ChromeDriverService.createDefaultService(ChromeDriverService.java:88)
at org.openqa.selenium.chrome.ChromeDriver.<init>(ChromeDriver.java:123)
at python_scripts.GlobalSuite_Final.getdriver(GlobalSuite_Final.java:21)
at python_scripts.MopcTool.<clinit>(MopcTool.java:28)
at python_scripts.GlobalSuite_Final.NatWestPersonal(GlobalSuite_Final.java:63)
at java.util.concurrent.ThreadPoolExecutor.runWorker(Unknown Source)
at java.util.concurrent.ThreadPoolExecutor$Worker.run(Unknown Source)
at java.lang.Thread.run(Unknown Source)
Caused by: java.lang.ClassNotFoundException: com.google.common.collect.ImmutableMap
at java.net.URLClassLoader.findClass(Unknown Source)
at java.lang.ClassLoader.loadClass(Unknown Source)
at sun.misc.Launcher$AppClassLoader.loadClass(Unknown Source)
at java.lang.ClassLoader.loadClass(Unknown Source)
... 20 more
... Removed 10 stack frames]]>
    </failure>
  </testcase> <!-- NatWestPersonal -->
</testsuite> <!-- Regression -->
